!System.Generics.Collections
!System.Generics.Defaults
!Generics.Collections
!Generics.Defaults
!I_BreakPoint
!I_BreakpointList
!I_CoverageConfiguration
!I_CoverageStats
!I_Debugger
!I_DebugModule
!I_DebugProcess
!I_DebugThread
!I_Logger
!I_LogManager
!I_ParameterProvider
!I_Report
BreakPoint
BreakpointList
ClassInfoUnit
CommandLineProvider
CoverageConfiguration
CoverageDataUnit
CoverageReport
CoverageStats
DebugModule
DebugProcess
DebugThread
EmmaCoverageFileUnit
EmmaDataFile
emmafilereader
FileHelper
MergableUnit
MetaDataUnit
ModuleNameSpaceUnit
uConsoleOutput
XMLCoverageReport